[www.eezysong.com/index.html]
[static.parastorage.com/services/wix-thunderbolt/dist/originTrials.3c681624.bundle.min.js]
[static.parastorage.com/unpkg/@formatjs/intl-segmenter@11.7.10/polyfill.iife.js]
[static.parastorage.com/unpkg/core-js-bundle@3.2.1/minified.js]
[static.parastorage.com/unpkg/focus-within-polyfill@5.0.9/dist/focus-within-polyfill.js]
[www.eezysong.com/t.4.delayed]
[www.eezysong.com/e.5.delayed]
[backblue.gif]
[fade.gif]
[index.html]
[static.wixstatic.com/media/01c3aff52f2a4dffa526d7a9843d46ea.png/v1/fill/w_27,h_27,al_c,q_85,usm_0.66_1.00_0.01,enc_avif,quality_auto/01c3aff52f2a4dffa526d7a9843d46ea.png]
[static.wixstatic.com/media/0fdef751204647a3bbd7eaa2827ed4f9.png/v1/fill/w_27,h_27,al_c,q_85,usm_0.66_1.00_0.01,enc_avif,quality_auto/0fdef751204647a3bbd7eaa2827ed4f9.png]
[static.wixstatic.com/media/11062b_6e7994bdd94b41178720ff1641a0f323_mv2.png/v1/fill/w_27,h_27,al_c,q_85,usm_0.66_1.00_0.01,enc_avif/11062b_6e7994bdd94b41178720ff1641a0f323_mv2.7.del]
[static.wixstatic.com/media/8f6f59264a094af0b46e9f6c77dff83e.png/v1/fill/w_27,h_27,al_c,q_85,usm_0.66_1.00_0.01,enc_avif,quality_auto/8f6f59264a094af0b46e9f6c77dff83e.png]
[static.wixstatic.com/media/0d45d0_9b77a80fe2994b8caf752a37d23a04a8_mv2.png/v1/crop/x_999,y_1547,w_2546,h_1689/fill/w_159,h_107,al_c,q_85,usm_0.66_1.00_0.01,enc_av/Logo 1.png]
[www.eezysong.com/shop.html]
[www.eezysong.com/bamboocheeseboard.html]
[www.eezysong.com/picnicbasketset.html]
[www.eezysong.com/blog.html]
[www.eezysong.com/behindthebrand.html]
[www.eezysong.com/bamboocareguide.html]
[www.eezysong.com/contact.html]
[static.wixstatic.com/media/0d45d0_23f045eeb56f4101a3882ee4f9e3bcc2_mv2.jpg/v1/crop/x_0,y_54,w_2000,h_1227/fill/w_1456,h_893,al_c,q_85,usm_0.66_1.00_0.01,enc_a/_W9A3981.jpg]
[static.wixstatic.com/media/0d45d0_991f506cf6564125af64f17c99c7571a_mv2.jpg/v1/crop/x_73,y_0,w_2853,h_3000/fill/w_311,h_327,al_c,q_80,usm_0.66_1.00_0.01,enc_av/1-rez.jpg]
[static.wixstatic.com/media/0d45d0_a8b5c0f1fa83469795593b8021e089af_mv2.jpg/v1/crop/x_0,y_109,w_732,h_513/fill/w_729,h_513,al_c,q_85,enc_avif,quality_auto/PXL_20210514_211452612_2.1]
[static.wixstatic.com/media/7e4f375c82a220e24e52da81f16d28a5.png/v1/crop/x_68,y_0,w_889,h_768/fill/w_361,h_312,al_c,q_85,usm_0.66_1.00_0.01,enc_avif,quality_auto/Bamboo .png]
[static.wixstatic.com/media/01c3aff52f2a4dffa526d7a9843d46ea.png/v1/fill/w_19,h_19,al_c,q_85,usm_0.66_1.00_0.01,enc_avif,quality_auto/01c3aff52f2a4dffa526d7a9843d46ea.png]
[static.wixstatic.com/media/0fdef751204647a3bbd7eaa2827ed4f9.png/v1/fill/w_19,h_19,al_c,q_85,usm_0.66_1.00_0.01,enc_avif,quality_auto/0fdef751204647a3bbd7eaa2827ed4f9.png]
[static.wixstatic.com/media/0d45d0_0f43b16128944a4980fc6e7fcb98a3e2_mv2.jpg/v1/fill/w_500,h_731,al_c,q_85,usm_0.66_1.00_0.01,enc_av/0d45d0_0f43b16128944a4980fc6e7fcb98a3e2_mv2.14.de]
[static.wixstatic.com/media/8f6f59264a094af0b46e9f6c77dff83e.png/v1/fill/w_19,h_19,al_c,q_85,usm_0.66_1.00_0.01,enc_avif,quality_auto/8f6f59264a094af0b46e9f6c77dff83e.png]
[www.eezysong.com/window.location.1b.delayed]
[static.wixstatic.com/media/11062b_6e7994bdd94b41178720ff1641a0f323_mv2.png/v1/fill/w_19,h_19,al_c,q_85,usm_0.66_1.00_0.01,enc_avif/11062b_6e7994bdd94b41178720ff1641a0f323_mv2.18.de]
[browser.sentry-cdn.com/7.120.3/bundle.tracing.es5.min.js]
[browser.sentry-cdn.com/7.120.3/modulemetadata.es5.min.js]
[www.eezysong.com/sitemap.xml]
[www.eezysong.com/feed.20.delayed]
[static.parastorage.com/services/wix-thunderbolt/dist/thunderbolt-commons.5cfa998a.bundle.min.js]
[static.parastorage.com/services/wix-thunderbolt/dist/main.1cfc9c2c.bundle.min.js]
[static.parastorage.com/services/wix-thunderbolt/dist/main.renderer.f600e767.bundle.min.js]
[static.parastorage.com/unpkg/lodash@4.17.21/lodash.min.js]
[static.parastorage.com/unpkg/react@18.3.1/umd/react.production.min.js]
[static.parastorage.com/unpkg/react-dom@18.3.1/umd/react-dom.production.min.js]
[static.parastorage.com/services/wix-thunderbolt/dist/browser-deprecation.bundle.es5.js]
[www.eezysong.com/decodeURIComponent(e.28.delayed]
[www.eezysong.com/index.html]
[www.eezysong.com/t.html]
[www.eezysong.com/e.html]
[static.parastorage.com/services/tag-manager-client/1.1028.0/siteTags.bundle.min.js]
[static.wixstatic.com/media/0d45d0_3c0b626fa72c41d89e631255b29ab84b_mv2.jpg/v1/fill/w_485,h_486,al_c,q_80,usm_0.66_1.00_0.01,enc_avif,quality_auto/A+ panel 4.jpg]
[static.wixstatic.com/media/0d45d0_44e8c6109fda4bc38b9800709ef82538_mv2.jpg/v1/fill/w_485,h_485,al_c,q_80,usm_0.66_1.00_0.01,enc_avif,quality_auto/_W9A4059-2_edited.jpg]
[static.wixstatic.com/media/0d45d0_af596226e66742708bb8cfd5d2555ba9_mv2.jpg/v1/fill/w_485,h_486,al_c,q_80,usm_0.66_1.00_0.01,enc_avif,quality_auto/panel 2.jpg]
[www.eezysong.com/shop.html]
[www.eezysong.com/media/emptystate.85a4add5.2e.delayed]
[static.wixstatic.com/media/0d45d0_caecb39acb714ce0acfec35ae27b1dad_mv2.jpg/v1/crop/x_0,y_0,w_1854,h_1854/fill/w_485,h_486,al_c,q_80,usm_0.66_1.00_0.01,enc_a/_W9A4123_edited.2d.dela]
[static.wixstatic.com/media/0d45d0_6824e7e967d84110943460ecf54a8e56_mv2.jpg/v1/fill/w_900,h_889,q_90,enc_avif,quality_auto/0d45d0_6824e7e967d84110943460ecf54a8e56_mv2.jpg]
[static.wixstatic.com/media/0d45d0_b71a0a279c5946c9b306b3ca07374571_mv2.jpg/v1/fill/w_900,h_889,q_90,enc_avif,quality_auto/0d45d0_b71a0a279c5946c9b306b3ca07374571_mv2.jpg]
[static.wixstatic.com/media/0d45d0_6824e7e967d84110943460ecf54a8e56_mv2.jpg/v1/fill/w_120,h_120,q_70,enc_avif,quality_auto/0d45d0_6824e7e967d84110943460ecf54a8e56_mv2.jpg]
[static.wixstatic.com/media/0d45d0_b71a0a279c5946c9b306b3ca07374571_mv2.jpg/v1/fill/w_120,h_120,q_70,enc_avif,quality_auto/0d45d0_b71a0a279c5946c9b306b3ca07374571_mv2.jpg]
[static.wixstatic.com/media/0d45d0_08057b3b5baf4d2086c993a19843fde6_mv2.jpg/v1/fill/w_120,h_120,q_70,enc_avif,quality_auto/0d45d0_08057b3b5baf4d2086c993a19843fde6_mv2.jpg]
[static.wixstatic.com/media/0d45d0_07330a4d67f84a9ba43a6e7dbc27c61e_mv2.jpg/v1/fill/w_120,h_120,q_70,enc_avif,quality_auto/0d45d0_07330a4d67f84a9ba43a6e7dbc27c61e_mv2.jpg]
[static.wixstatic.com/media/0d45d0_fbde8e811b0d4297943302e6170ceaa1_mv2.jpg/v1/fill/w_120,h_120,q_70,enc_avif,quality_auto/0d45d0_fbde8e811b0d4297943302e6170ceaa1_mv2.jpg]
[static.wixstatic.com/media/0d45d0_d33d57882b7e4ebca9e74e9e21132579_mv2.jpg/v1/fill/w_1375,h_850,al_c,q_85,usm_0.66_1.00_0.01,enc_avif,quality_auto/A+ hero image 1.jpg]
[static.wixstatic.com/media/0d45d0_197c3d2354594b19a316556977f85214_mv2.jpg/v1/fill/w_237,h_237,al_c,q_80,usm_0.66_1.00_0.01,enc_avif,quality_auto/A+ panel 1.jpg]
[static.wixstatic.com/media/0d45d0_9144a3aaf99747a7b0feb8433adf163f_mv2.jpg/v1/fill/w_120,h_120,fp_0.26_0.35,q_70,enc_avif,quality_/0d45d0_9144a3aaf99747a7b0feb8433adf163f_mv2.34.de]
[static.wixstatic.com/media/0d45d0_7714db4462854488a1a7f0da1641b02d_mv2.jpg/v1/fill/w_237,h_237,al_c,q_80,usm_0.66_1.00_0.01,enc_avif,quality_auto/A+ panel 2.jpg]
[static.wixstatic.com/media/0d45d0_0cdfb014a8504a7ea6bad70e8c144c72_mv2.jpg/v1/fill/w_237,h_237,al_c,q_80,usm_0.66_1.00_0.01,enc_avif,quality_auto/A+ panel 3.jpg]
[static.wixstatic.com/media/0d45d0_3c0b626fa72c41d89e631255b29ab84b_mv2.jpg/v1/fill/w_237,h_237,al_c,q_80,usm_0.66_1.00_0.01,enc_avif,quality_auto/A+ panel 4.jpg]
[static.wixstatic.com/media/0d45d0_2672a79143314fbcbcc2c4f37b28f38d_mv2.jpg/v1/fill/w_980,h_606,al_c,q_85,usm_0.66_1.00_0.01,enc_avif,quality_auto/A+ hero image 3.jpg]
[static.wixstatic.com/media/0d45d0_3b57aef080b344c5be66dd9b7cdc76ea_mv2.jpg/v1/fill/w_980,h_606,al_c,q_85,usm_0.66_1.00_0.01,enc_avif,quality_auto/A+ hero image 4.jpg]
[static.wixstatic.com/media/0d45d0_5faca4852aa846b2bc3e1ff9e354de70_mv2.jpg/v1/fill/w_980,h_606,al_c,q_85,usm_0.66_1.00_0.01,enc_avif,quality_auto/A+ hero image 2.jpg]
[static.wixstatic.com/media/0d45d0_b8c9b4a366024157bddb1a63b04da633_mv2.jpg/v1/fill/w_980,h_606,al_c,q_85,usm_0.66_1.00_0.01,enc_avif,quality_auto/A+ hero image 5.jpg]
[www.eezysong.com/bamboocheeseboard.html]
[static.parastorage.com/services/pro-gallery-tpa/1.1509.0/WixProGalleryViewerWidget.bundle.min.js]
[static.wixstatic.com/media/0d45d0_f86bec019c17438a84745ed54e7e5fdf_mv2.jpg/v1/fill/w_900,h_889,q_90,enc_avif,quality_auto/0d45d0_f86bec019c17438a84745ed54e7e5fdf_mv2.jpg]
[static.wixstatic.com/media/0d45d0_135e27cc1475459bb1bbdf3101df99c5_mv2.jpg/v1/fill/w_900,h_889,q_90,enc_avif,quality_auto/0d45d0_135e27cc1475459bb1bbdf3101df99c5_mv2.jpg]
[static.wixstatic.com/media/0d45d0_f86bec019c17438a84745ed54e7e5fdf_mv2.jpg/v1/fill/w_120,h_120,q_70,enc_avif,quality_auto/0d45d0_f86bec019c17438a84745ed54e7e5fdf_mv2.jpg]
[static.wixstatic.com/media/0d45d0_135e27cc1475459bb1bbdf3101df99c5_mv2.jpg/v1/fill/w_120,h_120,q_70,enc_avif,quality_auto/0d45d0_135e27cc1475459bb1bbdf3101df99c5_mv2.jpg]
[static.wixstatic.com/media/0d45d0_10fd776949344418b11bf59cfd6a1b36_mv2.jpg/v1/fill/w_120,h_120,q_70,enc_avif,quality_auto/0d45d0_10fd776949344418b11bf59cfd6a1b36_mv2.jpg]
[static.wixstatic.com/media/0d45d0_3e237e9ad30541169e12b79934c7b01b_mv2.jpg/v1/fill/w_120,h_120,q_70,enc_avif,quality_auto/0d45d0_3e237e9ad30541169e12b79934c7b01b_mv2.jpg]
[static.wixstatic.com/media/0d45d0_3ac7814d8c5d497699f0e3ada9bd4a47_mv2.jpg/v1/fill/w_120,h_120,fp_0.23_0.5,q_70,enc_avif,quality_a/0d45d0_3ac7814d8c5d497699f0e3ada9bd4a47_mv2.46.de]
[static.wixstatic.com/media/0d45d0_526180a5fceb4026b8abc09f3958829c_mv2.jpg/v1/fill/w_120,h_120,q_70,enc_avif,quality_auto/0d45d0_526180a5fceb4026b8abc09f3958829c_mv2.jpg]
[static.wixstatic.com/media/0d45d0_b0d6e0ea083a45e6a3c6ccc3ccc2152c_mv2.jpg/v1/fill/w_120,h_120,q_70,enc_avif,quality_auto/0d45d0_b0d6e0ea083a45e6a3c6ccc3ccc2152c_mv2.jpg]
[static.wixstatic.com/media/0d45d0_19260b6d83ef462bb6d20a12239a0a42_mv2.jpg/v1/fill/w_1375,h_850,al_c,q_85,usm_0.66_1.00_0.01,enc_avif,quality_auto/hero 1.jpg]
[static.wixstatic.com/media/0d45d0_427fc5cacbbe4fda8fbcc3ae621a95f7_mv2.jpg/v1/fill/w_237,h_237,al_c,q_80,usm_0.66_1.00_0.01,enc_avif,quality_auto/panel 1.jpg]
[static.wixstatic.com/media/0d45d0_af596226e66742708bb8cfd5d2555ba9_mv2.jpg/v1/fill/w_237,h_237,al_c,q_80,usm_0.66_1.00_0.01,enc_avif,quality_auto/panel 2.jpg]
[static.wixstatic.com/media/0d45d0_90a516f7f4444624b1a9116c52074778_mv2.jpg/v1/fill/w_237,h_237,al_c,q_80,usm_0.66_1.00_0.01,enc_avif,quality_auto/panel 3.jpg]
[static.wixstatic.com/media/0d45d0_043170c16752407fbf7c24552e97b1ff_mv2.jpg/v1/fill/w_237,h_237,al_c,q_80,usm_0.66_1.00_0.01,enc_avif,quality_auto/panel 4.jpg]
[static.wixstatic.com/media/0d45d0_0c6b67f188eb48f0b9a378af242af180_mv2.jpg/v1/fill/w_980,h_606,al_c,q_85,usm_0.66_1.00_0.01,enc_avif,quality_auto/hero 2.jpg]
[static.wixstatic.com/media/0d45d0_85ebc9121be24b24964e92f07a96f2dc_mv2.jpg/v1/fill/w_980,h_606,al_c,q_85,usm_0.66_1.00_0.01,enc_avif,quality_auto/hero 3.jpg]
[static.wixstatic.com/media/0d45d0_35d97e694c0f473b9212ad0d17ecad99_mv2.jpg/v1/fill/w_980,h_606,al_c,q_85,usm_0.66_1.00_0.01,enc_avif,quality_auto/hero 4.jpg]
[static.wixstatic.com/media/0d45d0_f8016c66efb84d48ac1b72675c4f5b30_mv2.jpg/v1/fill/w_980,h_606,al_c,q_85,usm_0.66_1.00_0.01,enc_avif,quality_auto/hero 5.jpg]
[www.eezysong.com/picnicbasketset.html]
[static.wixstatic.com/media/0fdef751204647a3bbd7eaa2827ed4f9.png/v1/fill/w_53,h_53,al_c,q_85,usm_0.66_1.00_0.01,enc_avif,quality_auto/0fdef751204647a3bbd7eaa2827ed4f9.png]
[static.wixstatic.com/media/01c3aff52f2a4dffa526d7a9843d46ea.png/v1/fill/w_53,h_53,al_c,q_85,usm_0.66_1.00_0.01,enc_avif,quality_auto/01c3aff52f2a4dffa526d7a9843d46ea.png]
[static.wixstatic.com/media/8f6f59264a094af0b46e9f6c77dff83e.png/v1/fill/w_53,h_53,al_c,q_85,usm_0.66_1.00_0.01,enc_avif,quality_auto/8f6f59264a094af0b46e9f6c77dff83e.png]
[www.eezysong.com/blog.html]
[static.wixstatic.com/media/11062b_6e7994bdd94b41178720ff1641a0f323_mv2.png/v1/fill/w_53,h_53,al_c,q_85,usm_0.66_1.00_0.01,enc_avif/11062b_6e7994bdd94b41178720ff1641a0f323_mv2.55.de]
[static.wixstatic.com/media/0d45d0_c8eb41f55bac4663ab9c3505f314ee7c_mv2.png/v1/crop/x_33,y_0,w_772,h_642/fill/w_560,h_466,al_c,q_85,usm_0.66_1.00_0.01,enc_av/kitchen.png]
[static.wixstatic.com/media/0d45d0_42718308194d43c2a49da1b623992944_mv2.png/v1/crop/x_482,y_164,w_386,h_188/fill/w_236,h_113,al_c,q_85,usm_0.66_1.00_0.01,enc_av/signature.png]
[www.eezysong.com/behindthebrand.html]
[static.wixstatic.com/media/0d45d0_e3f5d004bb444400a725a9b4a79f6d48_mv2.png/v1/fill/w_46,h_12,al_c,q_85,usm_0.66_1.00_0.01,blur_2,e/0d45d0_e3f5d004bb444400a725a9b4a79f6d48_mv2.57.de]
[static.wixstatic.com/media/0d45d0_6b9d234f322c4aee896114ab385d8d79_mv2.png/v1/crop/x_0,y_2,w_619,h_645/fill/w_619,h_645,al_c,q_90,enc_avif,quality_auto/background 1.png]
[static.wixstatic.com/media/0d45d0_c2ada42c1db14e5ea9e1941f52aabd17_mv2.png/v1/crop/x_1647,y_1655,w_1757,h_866/fill/w_157,h_76,al_c,q_85,usm_0.66_1.00_0.01,e/Copy of Copy of Untitle]
[static.wixstatic.com/media/0d45d0_d33a16bf7af54e2f99a47ecbd9fdd464_mv2.png/v1/fill/w_59,h_58,al_c,q_85,usm_0.66_1.00_0.01,enc_avif,quality_auto/eco house icon.png]
[static.wixstatic.com/media/0d45d0_9fec9c326d6040afb22f6e79e01657ab_mv2.png/v1/fill/w_256,h_229,al_c,q_85,usm_0.66_1.00_0.01,enc_avif,quality_auto/heart.png]
[static.wixstatic.com/media/0d45d0_92d25428954f4ebc8d5b930763f10715_mv2.png/v1/fill/w_303,h_304,al_c,q_85,usm_0.66_1.00_0.01,enc_avif,quality_auto/01.png]
[static.wixstatic.com/media/0d45d0_c92376212ad94ac4a77f6ab3d92aed4b_mv2.png/v1/fill/w_303,h_304,al_c,q_85,usm_0.66_1.00_0.01,enc_avif,quality_auto/02.png]
[static.wixstatic.com/media/0d45d0_1f9bc2b08b1d4a3297e4a0c31e3612fe_mv2.png/v1/fill/w_303,h_304,al_c,q_85,usm_0.66_1.00_0.01,enc_avif,quality_auto/03.png]
[static.wixstatic.com/media/0d45d0_b62bf0e9142c4a38b7e36adf548ddd6d_mv2.png/v1/fill/w_245,h_245,al_c,q_85,usm_0.66_1.00_0.01,enc_avif,quality_auto/04-1.png]
[static.wixstatic.com/media/0d45d0_5c38d9e659f14b07a5268f712c929ab7_mv2.png/v1/fill/w_224,h_224,al_c,q_85,usm_0.66_1.00_0.01,enc_avif,quality_auto/06.png]
[static.wixstatic.com/media/0d45d0_e72962fb61cd4d0eb00bc50621583ada_mv2.png/v1/fill/w_245,h_245,al_c,q_85,usm_0.66_1.00_0.01,enc_avif,quality_auto/05.png]
[static.wixstatic.com/media/0d45d0_eeee9e3abb64460dbc944ebf7d672e6f_mv2.png/v1/fill/w_181,h_181,al_c,q_85,usm_0.66_1.00_0.01,enc_avif,quality_auto/07.png]
[www.eezysong.com/bamboocareguide.html]
[www.eezysong.com/contact.html]
[static.wixstatic.com/media/index.html]
[www.eezysong.com/window.location.html]
[static.wixstatic.com/media]
[static.wixstatic.com/index.html]
[www.eezysong.com/api.65.delayed]
[www.eezysong.com/api/index.html]
[www.eezysong.com/envelope.66.delayed]
[www.eezysong.com/envelope/index.html]
[www.eezysong.com/feed.html]
[www.eezysong.com/decodeURIComponent(e.html]
[www.eezysong.com/media/emptystate.85a4add5.html]
[www.eezysong.com/api.html]
[www.eezysong.com/envelope.html]
